<?xml version="1.0" encoding="UTF-8"?>
<!-- Generated by org.testng.reporters.JUnitReportReporter -->
<testsuite hostname="Anthonys-MacBook-Pro.local" failures="0" tests="1" name="TweetTest.TweetTestMain" time="0.007" errors="0" timestamp="29 Jun 2018 13:23:06 GMT" skipped="0">
  <testcase classname="TweetTest.TweetTestMain" name="f" time="0.007"/>
</testsuite> <!-- TweetTest.TweetTestMain -->
